<?xml version="1.0" encoding="UTF-8"?>
<!-- Generated by org.testng.reporters.JUnitXMLReporter -->
<testsuite ignored="0" hostname="Harinder" failures="2" tests="14" name="Test" time="108.201" errors="0" timestamp="2023-01-12T17:48:44 GMT-07:00">
  <testcase classname="com.naveenautomation.Tests.AccountLoginTest" name="verifyEditAccountFieldsArePreFilled" time="2.479"/>
  <testcase classname="com.naveenautomation.Tests.AccountLoginTest" name="verifyEditAccountFieldsArePreFilled" time="1.974"/>
  <testcase classname="com.naveenautomation.Tests.AccountLoginTest" name="verifyEditAccountFieldsArePreFilled" time="1.968"/>
  <testcase classname="com.naveenautomation.Tests.AccountLoginTest" name="verifyEditAccountFieldsArePreFilled" time="2.006"/>
  <testcase classname="com.naveenautomation.Tests.AccountLoginTest" name="verifyEditAccountFieldsArePreFilled" time="1.95"/>
  <testcase classname="com.naveenautomation.Tests.AccountLoginTest" name="verifyLoginCredentials" time="1.356"/>
  <testcase classname="com.naveenautomation.Tests.AccountLoginTest" name="verifyLoginCredentials" time="1.367"/>
  <testcase classname="com.naveenautomation.Tests.AccountLoginTest" name="verifyLoginCredentials" time="1.213"/>
  <testcase classname="com.naveenautomation.Tests.AccountLoginTest" name="verifyLoginCredentials" time="1.2"/>
  <testcase classname="com.naveenautomation.Tests.AccountLoginTest" name="verifyLoginCredentials" time="1.458"/>
  <testcase classname="com.naveenautomation.Tests.MyAccountTest" name="testSomething" time="0.004">
    <skipped/>
  </testcase> <!-- testSomething -->
  <testcase classname="com.naveenautomation.Tests.MyAccountTest" name="testSomething" time="0.001">
    <skipped/>
  </testcase> <!-- testSomething -->
  <testcase classname="com.naveenautomation.Tests.MyAccountTest" name="testSomething" time="0.001">
    <failure type="java.lang.AssertionError" message="The following asserts failed:
	expected [true] but found [false]">
      <![CDATA[java.lang.AssertionError: The following asserts failed:
expected [true] but found [false]
at com.naveenautomation.Tests.MyAccountTest.testSomething(MyAccountTest.java:49)
at java.base/java.util.ArrayList.forEach(ArrayList.java:1511)
... Removed 29 stack frames]]>
    </failure>
  </testcase> <!-- testSomething -->
  <testcase classname="com.naveenautomation.Tests.MyAccountTest" name="testSomething" time="21.139">
    <failure type="org.openqa.selenium.NoSuchSessionException" message="invalid session id
Build info: version: &amp;apos;3.141.59&amp;apos;, revision: &amp;apos;e82be7d358&amp;apos;, time: &amp;apos;2018-11-14T08:17:03&amp;apos;
System info: host: &amp;apos;HARINDER&amp;apos;, ip: &amp;apos;192.168.1.78&amp;apos;, os.name: &amp;apos;Windows 11&amp;apos;, os.arch: &amp;apos;amd64&amp;apos;, os.version: &amp;apos;10.0&amp;apos;, java.version: &amp;apos;17.0.5&amp;apos;
Driver info: org.openqa.selenium.edge.EdgeDriver
Capabilities {acceptInsecureCerts: false, browserName: msedge, browserVersion: 108.0.1462.76, javascriptEnabled: true, ms:edgeOptions: {debuggerAddress: localhost:51385}, msedge: {msedgedriverVersion: 108.0.1462.76 (5feb33087363..., userDataDir: C:\Users\kaurh\AppData\Loca...}, networkConnectionEnabled: false, pageLoadStrategy: normal, platform: WINDOWS, platformName: WINDOWS, proxy: Proxy(), setWindowRect: true, strictFileInteractability: false, timeouts: {implicit: 0, pageLoad: 300000, script: 30000}, unhandledPromptBehavior: dismiss and notify, webauthn:extension:credBlob: true, webauthn:extension:largeBlob: true, webauthn:virtualAuthenticators: true}
Session ID: 5dcb4c3a3b677472b0f649dd10ad1952">
      <![CDATA[org.openqa.selenium.NoSuchSessionException: invalid session id
Build info: version: '3.141.59', revision: 'e82be7d358', time: '2018-11-14T08:17:03'
System info: host: 'HARINDER', ip: '192.168.1.78', os.name: 'Windows 11', os.arch: 'amd64', os.version: '10.0', java.version: '17.0.5'
Driver info: org.openqa.selenium.edge.EdgeDriver
Capabilities {acceptInsecureCerts: false, browserName: msedge, browserVersion: 108.0.1462.76, javascriptEnabled: true, ms:edgeOptions: {debuggerAddress: localhost:51385}, msedge: {msedgedriverVersion: 108.0.1462.76 (5feb33087363..., userDataDir: C:\Users\kaurh\AppData\Loca...}, networkConnectionEnabled: false, pageLoadStrategy: normal, platform: WINDOWS, platformName: WINDOWS, proxy: Proxy(), setWindowRect: true, strictFileInteractability: false, timeouts: {implicit: 0, pageLoad: 300000, script: 30000}, unhandledPromptBehavior: dismiss and notify, webauthn:extension:credBlob: true, webauthn:extension:largeBlob: true, webauthn:virtualAuthenticators: true}
Session ID: 5dcb4c3a3b677472b0f649dd10ad1952
at org.openqa.selenium.remote.http.W3CHttpResponseCodec.createException(W3CHttpResponseCodec.java:187)
at org.openqa.selenium.remote.http.W3CHttpResponseCodec.decode(W3CHttpResponseCodec.java:122)
at org.openqa.selenium.remote.http.W3CHttpResponseCodec.decode(W3CHttpResponseCodec.java:49)
at org.openqa.selenium.remote.HttpCommandExecutor.execute(HttpCommandExecutor.java:158)
at org.openqa.selenium.remote.service.DriverCommandExecutor.execute(DriverCommandExecutor.java:83)
at org.openqa.selenium.remote.RemoteWebDriver.execute(RemoteWebDriver.java:552)
at org.openqa.selenium.remote.RemoteWebDriver.execute(RemoteWebDriver.java:609)
at org.openqa.selenium.remote.RemoteWebDriver.getScreenshotAs(RemoteWebDriver.java:295)
at org.openqa.selenium.support.events.EventFiringWebDriver.lambda$new$1(EventFiringWebDriver.java:105)
at jdk.proxy2/jdk.proxy2.$Proxy13.getScreenshotAs(Unknown Source)
at org.openqa.selenium.support.events.EventFiringWebDriver.getScreenshotAs(EventFiringWebDriver.java:302)
at com.naveenautomation.Utils.Utils.takeScreenshot(Utils.java:53)
at com.naveenautomation.Listeners.CustomListener.onTestFailure(CustomListener.java:31)
at java.base/java.util.ArrayList.forEach(ArrayList.java:1511)
... Removed 33 stack frames]]>
    </failure>
  </testcase> <!-- testSomething -->
</testsuite> <!-- Test -->
